<component name="libraryTable">
  <library name="junit" type="repository">
    <properties maven-id="junit:junit:4.13.2" />
    <CLASSES>
      <root url="jar://$PROJECT_DIR$/../../Programas/Maven/repo/junit-4.13.2.jar!/" />
      <root url="jar://$PROJECT_DIR$/../../Programas/Maven/repo/hamcrest-core-1.3.jar!/" />
    </CLASSES>
    <JAVADOC />
    <SOURCES />
  </library>
</component>